<?xml version="1.0" encoding="UTF-8"?>
<testsuite xmlns:xsi="http://www.w3.org/2001/XMLSchema-instance" xsi:noNamespaceSchemaLocation="https://maven.apache.org/surefire/maven-surefire-plugin/xsd/surefire-test-report-3.0.xsd" version="3.0" name="com.headspin.skillbase.skills.SkillsArchTest" time="2.808" tests="1" errors="0" skipped="0" failures="0">
  <properties>
    <property name="java.specification.version" value="17"/>
    <property name="sun.jnu.encoding" value="UTF-8"/>
    <property name="java.class.path" value="/home/stephenbuck/Desktop/skillbase/skills/target/test-classes:/home/stephenbuck/Desktop/skillbase/skills/target/classes:/home/stephenbuck/.m2/repository/com/tngtech/archunit/archunit-junit5/1.3.0/archunit-junit5-1.3.0.jar:/home/stephenbuck/.m2/repository/com/tngtech/archunit/archunit-junit5-api/1.3.0/archunit-junit5-api-1.3.0.jar:/home/stephenbuck/.m2/repository/com/tngtech/archunit/archunit/1.3.0/archunit-1.3.0.jar:/home/stephenbuck/.m2/repository/com/tngtech/archunit/archunit-junit5-engine/1.3.0/archunit-junit5-engine-1.3.0.jar:/home/stephenbuck/.m2/repository/com/tngtech/archunit/archunit-junit5-engine-api/1.3.0/archunit-junit5-engine-api-1.3.0.jar:/home/stephenbuck/.m2/repository/io/cloudevents/cloudevents-api/2.3.0/cloudevents-api-2.3.0.jar:/home/stephenbuck/.m2/repository/io/cloudevents/cloudevents-core/2.3.0/cloudevents-core-2.3.0.jar:/home/stephenbuck/.m2/repository/com/graphql-java/graphql-java/22.1/graphql-java-22.1.jar:/home/stephenbuck/.m2/repository/com/graphql-java/java-dataloader/3.3.0/java-dataloader-3.3.0.jar:/home/stephenbuck/.m2/repository/org/reactivestreams/reactive-streams/1.0.3/reactive-streams-1.0.3.jar:/home/stephenbuck/.m2/repository/jakarta/inject/jakarta.inject-api/2.0.1/jakarta.inject-api-2.0.1.jar:/home/stephenbuck/.m2/repository/jakarta/platform/jakarta.jakartaee-api/10.0.0/jakarta.jakartaee-api-10.0.0.jar:/home/stephenbuck/.m2/repository/jakarta/platform/jakarta.jakartaee-web-api/10.0.0/jakarta.jakartaee-web-api-10.0.0.jar:/home/stephenbuck/.m2/repository/jakarta/servlet/jakarta.servlet-api/6.0.0/jakarta.servlet-api-6.0.0.jar:/home/stephenbuck/.m2/repository/jakarta/servlet/jsp/jakarta.servlet.jsp-api/3.1.0/jakarta.servlet.jsp-api-3.1.0.jar:/home/stephenbuck/.m2/repository/jakarta/el/jakarta.el-api/5.0.1/jakarta.el-api-5.0.1.jar:/home/stephenbuck/.m2/repository/jakarta/servlet/jsp/jstl/jakarta.servlet.jsp.jstl-api/3.0.0/jakarta.servlet.jsp.jstl-api-3.0.0.jar:/home/stephenbuck/.m2/repository/jakarta/faces/jakarta.faces-api/4.0.1/jakarta.faces-api-4.0.1.jar:/home/stephenbuck/.m2/repository/jakarta/ws/rs/jakarta.ws.rs-api/3.1.0/jakarta.ws.rs-api-3.1.0.jar:/home/stephenbuck/.m2/repository/jakarta/websocket/jakarta.websocket-api/2.1.0/jakarta.websocket-api-2.1.0.jar:/home/stephenbuck/.m2/repository/jakarta/websocket/jakarta.websocket-client-api/2.1.0/jakarta.websocket-client-api-2.1.0.jar:/home/stephenbuck/.m2/repository/jakarta/json/jakarta.json-api/2.1.0/jakarta.json-api-2.1.0.jar:/home/stephenbuck/.m2/repository/jakarta/json/bind/jakarta.json.bind-api/3.0.0/jakarta.json.bind-api-3.0.0.jar:/home/stephenbuck/.m2/repository/jakarta/annotation/jakarta.annotation-api/2.1.1/jakarta.annotation-api-2.1.1.jar:/home/stephenbuck/.m2/repository/jakarta/ejb/jakarta.ejb-api/4.0.1/jakarta.ejb-api-4.0.1.jar:/home/stephenbuck/.m2/repository/jakarta/transaction/jakarta.transaction-api/2.0.1/jakarta.transaction-api-2.0.1.jar:/home/stephenbuck/.m2/repository/jakarta/validation/jakarta.validation-api/3.0.2/jakarta.validation-api-3.0.2.jar:/home/stephenbuck/.m2/repository/jakarta/interceptor/jakarta.interceptor-api/2.1.0/jakarta.interceptor-api-2.1.0.jar:/home/stephenbuck/.m2/repository/jakarta/enterprise/jakarta.enterprise.cdi-api/4.0.1/jakarta.enterprise.cdi-api-4.0.1.jar:/home/stephenbuck/.m2/repository/jakarta/enterprise/jakarta.enterprise.lang-model/4.0.1/jakarta.enterprise.lang-model-4.0.1.jar:/home/stephenbuck/.m2/repository/jakarta/authentication/jakarta.authentication-api/3.0.0/jakarta.authentication-api-3.0.0.jar:/home/stephenbuck/.m2/repository/jakarta/security/enterprise/jakarta.security.enterprise-api/3.0.0/jakarta.security.enterprise-api-3.0.0.jar:/home/stephenbuck/.m2/repository/jakarta/jms/jakarta.jms-api/3.1.0/jakarta.jms-api-3.1.0.jar:/home/stephenbuck/.m2/repository/jakarta/activation/jakarta.activation-api/2.1.0/jakarta.activation-api-2.1.0.jar:/home/stephenbuck/.m2/repository/jakarta/mail/jakarta.mail-api/2.1.0/jakarta.mail-api-2.1.0.jar:/home/stephenbuck/.m2/repository/jakarta/resource/jakarta.resource-api/2.1.0/jakarta.resource-api-2.1.0.jar:/home/stephenbuck/.m2/repository/jakarta/authorization/jakarta.authorization-api/2.1.0/jakarta.authorization-api-2.1.0.jar:/home/stephenbuck/.m2/repository/jakarta/batch/jakarta.batch-api/2.1.1/jakarta.batch-api-2.1.1.jar:/home/stephenbuck/.m2/repository/jakarta/persistence/jakarta.persistence-api/3.2.0/jakarta.persistence-api-3.2.0.jar:/home/stephenbuck/.m2/repository/org/jmolecules/jmolecules-ddd/1.9.0/jmolecules-ddd-1.9.0.jar:/home/stephenbuck/.m2/repository/org/jmolecules/jmolecules-events/1.9.0/jmolecules-events-1.9.0.jar:/home/stephenbuck/.m2/repository/org/junit/jupiter/junit-jupiter-engine/5.9.2/junit-jupiter-engine-5.9.2.jar:/home/stephenbuck/.m2/repository/org/junit/platform/junit-platform-engine/1.9.2/junit-platform-engine-1.9.2.jar:/home/stephenbuck/.m2/repository/org/opentest4j/opentest4j/1.2.0/opentest4j-1.2.0.jar:/home/stephenbuck/.m2/repository/org/junit/platform/junit-platform-commons/1.9.2/junit-platform-commons-1.9.2.jar:/home/stephenbuck/.m2/repository/org/junit/jupiter/junit-jupiter-api/5.9.2/junit-jupiter-api-5.9.2.jar:/home/stephenbuck/.m2/repository/org/apiguardian/apiguardian-api/1.1.2/apiguardian-api-1.1.2.jar:/home/stephenbuck/.m2/repository/org/apache/kafka/kafka-clients/3.7.0/kafka-clients-3.7.0.jar:/home/stephenbuck/.m2/repository/com/github/luben/zstd-jni/1.5.5-6/zstd-jni-1.5.5-6.jar:/home/stephenbuck/.m2/repository/org/lz4/lz4-java/1.8.0/lz4-java-1.8.0.jar:/home/stephenbuck/.m2/repository/org/xerial/snappy/snappy-java/1.1.10.5/snappy-java-1.1.10.5.jar:/home/stephenbuck/.m2/repository/org/slf4j/slf4j-api/1.7.36/slf4j-api-1.7.36.jar:/home/stephenbuck/.m2/repository/org/liquibase/liquibase-core/4.28.0/liquibase-core-4.28.0.jar:/home/stephenbuck/.m2/repository/com/opencsv/opencsv/5.9/opencsv-5.9.jar:/home/stephenbuck/.m2/repository/org/apache/commons/commons-text/1.11.0/commons-text-1.11.0.jar:/home/stephenbuck/.m2/repository/org/apache/commons/commons-collections4/4.4/commons-collections4-4.4.jar:/home/stephenbuck/.m2/repository/org/yaml/snakeyaml/2.2/snakeyaml-2.2.jar:/home/stephenbuck/.m2/repository/javax/xml/bind/jaxb-api/2.3.1/jaxb-api-2.3.1.jar:/home/stephenbuck/.m2/repository/commons-io/commons-io/2.16.1/commons-io-2.16.1.jar:/home/stephenbuck/.m2/repository/org/apache/commons/commons-lang3/3.14.0/commons-lang3-3.14.0.jar:/home/stephenbuck/.m2/repository/org/apache/logging/log4j/log4j-api/2.23.1/log4j-api-2.23.1.jar:/home/stephenbuck/.m2/repository/org/apache/logging/log4j/log4j-core/2.23.1/log4j-core-2.23.1.jar:/home/stephenbuck/.m2/repository/org/apache/maven/plugins/maven-compiler-plugin/3.13.0/maven-compiler-plugin-3.13.0.jar:/home/stephenbuck/.m2/repository/org/apache/maven/shared/maven-shared-utils/3.4.2/maven-shared-utils-3.4.2.jar:/home/stephenbuck/.m2/repository/org/apache/maven/shared/maven-shared-incremental/1.1/maven-shared-incremental-1.1.jar:/home/stephenbuck/.m2/repository/org/codehaus/plexus/plexus-java/1.2.0/plexus-java-1.2.0.jar:/home/stephenbuck/.m2/repository/org/ow2/asm/asm/9.6/asm-9.6.jar:/home/stephenbuck/.m2/repository/com/thoughtworks/qdox/qdox/2.0.3/qdox-2.0.3.jar:/home/stephenbuck/.m2/repository/org/codehaus/plexus/plexus-compiler-api/2.15.0/plexus-compiler-api-2.15.0.jar:/home/stephenbuck/.m2/repository/org/codehaus/plexus/plexus-compiler-manager/2.15.0/plexus-compiler-manager-2.15.0.jar:/home/stephenbuck/.m2/repository/javax/inject/javax.inject/1/javax.inject-1.jar:/home/stephenbuck/.m2/repository/org/codehaus/plexus/plexus-xml/3.0.0/plexus-xml-3.0.0.jar:/home/stephenbuck/.m2/repository/org/codehaus/plexus/plexus-compiler-javac/2.15.0/plexus-compiler-javac-2.15.0.jar:/home/stephenbuck/.m2/repository/org/codehaus/plexus/plexus-utils/4.0.0/plexus-utils-4.0.0.jar:/home/stephenbuck/.m2/repository/org/eclipse/microprofile/graphql/microprofile-graphql-api/2.0/microprofile-graphql-api-2.0.jar:/home/stephenbuck/.m2/repository/org/eclipse/microprofile/openapi/microprofile-openapi-api/3.1.1/microprofile-openapi-api-3.1.1.jar:/home/stephenbuck/.m2/repository/org/postgresql/postgresql/42.6.0/postgresql-42.6.0.jar:/home/stephenbuck/.m2/repository/org/checkerframework/checker-qual/3.31.0/checker-qual-3.31.0.jar:/home/stephenbuck/.m2/repository/io/smallrye/config/smallrye-config/1.5.0/smallrye-config-1.5.0.jar:/home/stephenbuck/.m2/repository/io/smallrye/config/smallrye-config-common/1.5.0/smallrye-config-common-1.5.0.jar:/home/stephenbuck/.m2/repository/org/eclipse/microprofile/config/microprofile-config-api/1.3/microprofile-config-api-1.3.jar:/home/stephenbuck/.m2/repository/org/osgi/org.osgi.annotation.versioning/1.0.0/org.osgi.annotation.versioning-1.0.0.jar:/home/stephenbuck/.m2/repository/org/jboss/logging/jboss-logging/3.4.1.Final/jboss-logging-3.4.1.Final.jar:/home/stephenbuck/.m2/repository/io/smallrye/smallrye-graphql-api/2.8.4/smallrye-graphql-api-2.8.4.jar:/home/stephenbuck/.m2/repository/io/smallrye/common/smallrye-common-annotation/2.1.0/smallrye-common-annotation-2.1.0.jar:/home/stephenbuck/.m2/repository/org/springframework/boot/spring-boot/3.3.0/spring-boot-3.3.0.jar:/home/stephenbuck/.m2/repository/org/springframework/spring-core/6.1.8/spring-core-6.1.8.jar:/home/stephenbuck/.m2/repository/org/springframework/spring-jcl/6.1.8/spring-jcl-6.1.8.jar:/home/stephenbuck/.m2/repository/org/springframework/spring-context/6.1.8/spring-context-6.1.8.jar:/home/stephenbuck/.m2/repository/org/springframework/spring-aop/6.1.8/spring-aop-6.1.8.jar:/home/stephenbuck/.m2/repository/org/springframework/spring-beans/6.1.8/spring-beans-6.1.8.jar:/home/stephenbuck/.m2/repository/org/springframework/spring-expression/6.1.8/spring-expression-6.1.8.jar:/home/stephenbuck/.m2/repository/io/micrometer/micrometer-observation/1.12.6/micrometer-observation-1.12.6.jar:/home/stephenbuck/.m2/repository/io/micrometer/micrometer-commons/1.12.6/micrometer-commons-1.12.6.jar:/home/stephenbuck/.m2/repository/org/springframework/boot/spring-boot-autoconfigure/3.3.0/spring-boot-autoconfigure-3.3.0.jar:"/>
    <property name="java.vm.vendor" value="Ubuntu"/>
    <property name="sun.arch.data.model" value="64"/>
    <property name="java.vendor.url" value="https://ubuntu.com/"/>
    <property name="os.name" value="Linux"/>
    <property name="java.vm.specification.version" value="17"/>
    <property name="sun.java.launcher" value="SUN_STANDARD"/>
    <property name="user.country" value="US"/>
    <property name="sun.boot.library.path" value="/usr/lib/jvm/java-17-openjdk-amd64/lib"/>
    <property name="sun.java.command" value="/home/stephenbuck/Desktop/skillbase/skills/target/surefire/surefirebooter-20240611220831958_7.jar /home/stephenbuck/Desktop/skillbase/skills/target/surefire 2024-06-11T22-08-26_578-jvmRun1 surefire-20240611220831958_5tmp surefire_1-20240611220831958_6tmp"/>
    <property name="jdk.debug" value="release"/>
    <property name="surefire.test.class.path" value="/home/stephenbuck/Desktop/skillbase/skills/target/test-classes:/home/stephenbuck/Desktop/skillbase/skills/target/classes:/home/stephenbuck/.m2/repository/com/tngtech/archunit/archunit-junit5/1.3.0/archunit-junit5-1.3.0.jar:/home/stephenbuck/.m2/repository/com/tngtech/archunit/archunit-junit5-api/1.3.0/archunit-junit5-api-1.3.0.jar:/home/stephenbuck/.m2/repository/com/tngtech/archunit/archunit/1.3.0/archunit-1.3.0.jar:/home/stephenbuck/.m2/repository/com/tngtech/archunit/archunit-junit5-engine/1.3.0/archunit-junit5-engine-1.3.0.jar:/home/stephenbuck/.m2/repository/com/tngtech/archunit/archunit-junit5-engine-api/1.3.0/archunit-junit5-engine-api-1.3.0.jar:/home/stephenbuck/.m2/repository/io/cloudevents/cloudevents-api/2.3.0/cloudevents-api-2.3.0.jar:/home/stephenbuck/.m2/repository/io/cloudevents/cloudevents-core/2.3.0/cloudevents-core-2.3.0.jar:/home/stephenbuck/.m2/repository/com/graphql-java/graphql-java/22.1/graphql-java-22.1.jar:/home/stephenbuck/.m2/repository/com/graphql-java/java-dataloader/3.3.0/java-dataloader-3.3.0.jar:/home/stephenbuck/.m2/repository/org/reactivestreams/reactive-streams/1.0.3/reactive-streams-1.0.3.jar:/home/stephenbuck/.m2/repository/jakarta/inject/jakarta.inject-api/2.0.1/jakarta.inject-api-2.0.1.jar:/home/stephenbuck/.m2/repository/jakarta/platform/jakarta.jakartaee-api/10.0.0/jakarta.jakartaee-api-10.0.0.jar:/home/stephenbuck/.m2/repository/jakarta/platform/jakarta.jakartaee-web-api/10.0.0/jakarta.jakartaee-web-api-10.0.0.jar:/home/stephenbuck/.m2/repository/jakarta/servlet/jakarta.servlet-api/6.0.0/jakarta.servlet-api-6.0.0.jar:/home/stephenbuck/.m2/repository/jakarta/servlet/jsp/jakarta.servlet.jsp-api/3.1.0/jakarta.servlet.jsp-api-3.1.0.jar:/home/stephenbuck/.m2/repository/jakarta/el/jakarta.el-api/5.0.1/jakarta.el-api-5.0.1.jar:/home/stephenbuck/.m2/repository/jakarta/servlet/jsp/jstl/jakarta.servlet.jsp.jstl-api/3.0.0/jakarta.servlet.jsp.jstl-api-3.0.0.jar:/home/stephenbuck/.m2/repository/jakarta/faces/jakarta.faces-api/4.0.1/jakarta.faces-api-4.0.1.jar:/home/stephenbuck/.m2/repository/jakarta/ws/rs/jakarta.ws.rs-api/3.1.0/jakarta.ws.rs-api-3.1.0.jar:/home/stephenbuck/.m2/repository/jakarta/websocket/jakarta.websocket-api/2.1.0/jakarta.websocket-api-2.1.0.jar:/home/stephenbuck/.m2/repository/jakarta/websocket/jakarta.websocket-client-api/2.1.0/jakarta.websocket-client-api-2.1.0.jar:/home/stephenbuck/.m2/repository/jakarta/json/jakarta.json-api/2.1.0/jakarta.json-api-2.1.0.jar:/home/stephenbuck/.m2/repository/jakarta/json/bind/jakarta.json.bind-api/3.0.0/jakarta.json.bind-api-3.0.0.jar:/home/stephenbuck/.m2/repository/jakarta/annotation/jakarta.annotation-api/2.1.1/jakarta.annotation-api-2.1.1.jar:/home/stephenbuck/.m2/repository/jakarta/ejb/jakarta.ejb-api/4.0.1/jakarta.ejb-api-4.0.1.jar:/home/stephenbuck/.m2/repository/jakarta/transaction/jakarta.transaction-api/2.0.1/jakarta.transaction-api-2.0.1.jar:/home/stephenbuck/.m2/repository/jakarta/validation/jakarta.validation-api/3.0.2/jakarta.validation-api-3.0.2.jar:/home/stephenbuck/.m2/repository/jakarta/interceptor/jakarta.interceptor-api/2.1.0/jakarta.interceptor-api-2.1.0.jar:/home/stephenbuck/.m2/repository/jakarta/enterprise/jakarta.enterprise.cdi-api/4.0.1/jakarta.enterprise.cdi-api-4.0.1.jar:/home/stephenbuck/.m2/repository/jakarta/enterprise/jakarta.enterprise.lang-model/4.0.1/jakarta.enterprise.lang-model-4.0.1.jar:/home/stephenbuck/.m2/repository/jakarta/authentication/jakarta.authentication-api/3.0.0/jakarta.authentication-api-3.0.0.jar:/home/stephenbuck/.m2/repository/jakarta/security/enterprise/jakarta.security.enterprise-api/3.0.0/jakarta.security.enterprise-api-3.0.0.jar:/home/stephenbuck/.m2/repository/jakarta/jms/jakarta.jms-api/3.1.0/jakarta.jms-api-3.1.0.jar:/home/stephenbuck/.m2/repository/jakarta/activation/jakarta.activation-api/2.1.0/jakarta.activation-api-2.1.0.jar:/home/stephenbuck/.m2/repository/jakarta/mail/jakarta.mail-api/2.1.0/jakarta.mail-api-2.1.0.jar:/home/stephenbuck/.m2/repository/jakarta/resource/jakarta.resource-api/2.1.0/jakarta.resource-api-2.1.0.jar:/home/stephenbuck/.m2/repository/jakarta/authorization/jakarta.authorization-api/2.1.0/jakarta.authorization-api-2.1.0.jar:/home/stephenbuck/.m2/repository/jakarta/batch/jakarta.batch-api/2.1.1/jakarta.batch-api-2.1.1.jar:/home/stephenbuck/.m2/repository/jakarta/persistence/jakarta.persistence-api/3.2.0/jakarta.persistence-api-3.2.0.jar:/home/stephenbuck/.m2/repository/org/jmolecules/jmolecules-ddd/1.9.0/jmolecules-ddd-1.9.0.jar:/home/stephenbuck/.m2/repository/org/jmolecules/jmolecules-events/1.9.0/jmolecules-events-1.9.0.jar:/home/stephenbuck/.m2/repository/org/junit/jupiter/junit-jupiter-engine/5.9.2/junit-jupiter-engine-5.9.2.jar:/home/stephenbuck/.m2/repository/org/junit/platform/junit-platform-engine/1.9.2/junit-platform-engine-1.9.2.jar:/home/stephenbuck/.m2/repository/org/opentest4j/opentest4j/1.2.0/opentest4j-1.2.0.jar:/home/stephenbuck/.m2/repository/org/junit/platform/junit-platform-commons/1.9.2/junit-platform-commons-1.9.2.jar:/home/stephenbuck/.m2/repository/org/junit/jupiter/junit-jupiter-api/5.9.2/junit-jupiter-api-5.9.2.jar:/home/stephenbuck/.m2/repository/org/apiguardian/apiguardian-api/1.1.2/apiguardian-api-1.1.2.jar:/home/stephenbuck/.m2/repository/org/apache/kafka/kafka-clients/3.7.0/kafka-clients-3.7.0.jar:/home/stephenbuck/.m2/repository/com/github/luben/zstd-jni/1.5.5-6/zstd-jni-1.5.5-6.jar:/home/stephenbuck/.m2/repository/org/lz4/lz4-java/1.8.0/lz4-java-1.8.0.jar:/home/stephenbuck/.m2/repository/org/xerial/snappy/snappy-java/1.1.10.5/snappy-java-1.1.10.5.jar:/home/stephenbuck/.m2/repository/org/slf4j/slf4j-api/1.7.36/slf4j-api-1.7.36.jar:/home/stephenbuck/.m2/repository/org/liquibase/liquibase-core/4.28.0/liquibase-core-4.28.0.jar:/home/stephenbuck/.m2/repository/com/opencsv/opencsv/5.9/opencsv-5.9.jar:/home/stephenbuck/.m2/repository/org/apache/commons/commons-text/1.11.0/commons-text-1.11.0.jar:/home/stephenbuck/.m2/repository/org/apache/commons/commons-collections4/4.4/commons-collections4-4.4.jar:/home/stephenbuck/.m2/repository/org/yaml/snakeyaml/2.2/snakeyaml-2.2.jar:/home/stephenbuck/.m2/repository/javax/xml/bind/jaxb-api/2.3.1/jaxb-api-2.3.1.jar:/home/stephenbuck/.m2/repository/commons-io/commons-io/2.16.1/commons-io-2.16.1.jar:/home/stephenbuck/.m2/repository/org/apache/commons/commons-lang3/3.14.0/commons-lang3-3.14.0.jar:/home/stephenbuck/.m2/repository/org/apache/logging/log4j/log4j-api/2.23.1/log4j-api-2.23.1.jar:/home/stephenbuck/.m2/repository/org/apache/logging/log4j/log4j-core/2.23.1/log4j-core-2.23.1.jar:/home/stephenbuck/.m2/repository/org/apache/maven/plugins/maven-compiler-plugin/3.13.0/maven-compiler-plugin-3.13.0.jar:/home/stephenbuck/.m2/repository/org/apache/maven/shared/maven-shared-utils/3.4.2/maven-shared-utils-3.4.2.jar:/home/stephenbuck/.m2/repository/org/apache/maven/shared/maven-shared-incremental/1.1/maven-shared-incremental-1.1.jar:/home/stephenbuck/.m2/repository/org/codehaus/plexus/plexus-java/1.2.0/plexus-java-1.2.0.jar:/home/stephenbuck/.m2/repository/org/ow2/asm/asm/9.6/asm-9.6.jar:/home/stephenbuck/.m2/repository/com/thoughtworks/qdox/qdox/2.0.3/qdox-2.0.3.jar:/home/stephenbuck/.m2/repository/org/codehaus/plexus/plexus-compiler-api/2.15.0/plexus-compiler-api-2.15.0.jar:/home/stephenbuck/.m2/repository/org/codehaus/plexus/plexus-compiler-manager/2.15.0/plexus-compiler-manager-2.15.0.jar:/home/stephenbuck/.m2/repository/javax/inject/javax.inject/1/javax.inject-1.jar:/home/stephenbuck/.m2/repository/org/codehaus/plexus/plexus-xml/3.0.0/plexus-xml-3.0.0.jar:/home/stephenbuck/.m2/repository/org/codehaus/plexus/plexus-compiler-javac/2.15.0/plexus-compiler-javac-2.15.0.jar:/home/stephenbuck/.m2/repository/org/codehaus/plexus/plexus-utils/4.0.0/plexus-utils-4.0.0.jar:/home/stephenbuck/.m2/repository/org/eclipse/microprofile/graphql/microprofile-graphql-api/2.0/microprofile-graphql-api-2.0.jar:/home/stephenbuck/.m2/repository/org/eclipse/microprofile/openapi/microprofile-openapi-api/3.1.1/microprofile-openapi-api-3.1.1.jar:/home/stephenbuck/.m2/repository/org/postgresql/postgresql/42.6.0/postgresql-42.6.0.jar:/home/stephenbuck/.m2/repository/org/checkerframework/checker-qual/3.31.0/checker-qual-3.31.0.jar:/home/stephenbuck/.m2/repository/io/smallrye/config/smallrye-config/1.5.0/smallrye-config-1.5.0.jar:/home/stephenbuck/.m2/repository/io/smallrye/config/smallrye-config-common/1.5.0/smallrye-config-common-1.5.0.jar:/home/stephenbuck/.m2/repository/org/eclipse/microprofile/config/microprofile-config-api/1.3/microprofile-config-api-1.3.jar:/home/stephenbuck/.m2/repository/org/osgi/org.osgi.annotation.versioning/1.0.0/org.osgi.annotation.versioning-1.0.0.jar:/home/stephenbuck/.m2/repository/org/jboss/logging/jboss-logging/3.4.1.Final/jboss-logging-3.4.1.Final.jar:/home/stephenbuck/.m2/repository/io/smallrye/smallrye-graphql-api/2.8.4/smallrye-graphql-api-2.8.4.jar:/home/stephenbuck/.m2/repository/io/smallrye/common/smallrye-common-annotation/2.1.0/smallrye-common-annotation-2.1.0.jar:/home/stephenbuck/.m2/repository/org/springframework/boot/spring-boot/3.3.0/spring-boot-3.3.0.jar:/home/stephenbuck/.m2/repository/org/springframework/spring-core/6.1.8/spring-core-6.1.8.jar:/home/stephenbuck/.m2/repository/org/springframework/spring-jcl/6.1.8/spring-jcl-6.1.8.jar:/home/stephenbuck/.m2/repository/org/springframework/spring-context/6.1.8/spring-context-6.1.8.jar:/home/stephenbuck/.m2/repository/org/springframework/spring-aop/6.1.8/spring-aop-6.1.8.jar:/home/stephenbuck/.m2/repository/org/springframework/spring-beans/6.1.8/spring-beans-6.1.8.jar:/home/stephenbuck/.m2/repository/org/springframework/spring-expression/6.1.8/spring-expression-6.1.8.jar:/home/stephenbuck/.m2/repository/io/micrometer/micrometer-observation/1.12.6/micrometer-observation-1.12.6.jar:/home/stephenbuck/.m2/repository/io/micrometer/micrometer-commons/1.12.6/micrometer-commons-1.12.6.jar:/home/stephenbuck/.m2/repository/org/springframework/boot/spring-boot-autoconfigure/3.3.0/spring-boot-autoconfigure-3.3.0.jar:"/>
    <property name="sun.cpu.endian" value="little"/>
    <property name="user.home" value="/home/stephenbuck"/>
    <property name="user.language" value="en"/>
    <property name="java.specification.vendor" value="Oracle Corporation"/>
    <property name="java.version.date" value="2024-04-16"/>
    <property name="java.home" value="/usr/lib/jvm/java-17-openjdk-amd64"/>
    <property name="file.separator" value="/"/>
    <property name="basedir" value="/home/stephenbuck/Desktop/skillbase/skills"/>
    <property name="java.vm.compressedOopsMode" value="32-bit"/>
    <property name="line.separator" value="&#10;"/>
    <property name="java.vm.specification.vendor" value="Oracle Corporation"/>
    <property name="java.specification.name" value="Java Platform API Specification"/>
    <property name="surefire.real.class.path" value="/home/stephenbuck/Desktop/skillbase/skills/target/surefire/surefirebooter-20240611220831958_7.jar"/>
    <property name="sun.management.compiler" value="HotSpot 64-Bit Tiered Compilers"/>
    <property name="java.runtime.version" value="17.0.11+9-Ubuntu-122.04.1"/>
    <property name="user.name" value="stephenbuck"/>
    <property name="path.separator" value=":"/>
    <property name="os.version" value="6.5.0-35-generic"/>
    <property name="java.runtime.name" value="OpenJDK Runtime Environment"/>
    <property name="file.encoding" value="UTF-8"/>
    <property name="java.vm.name" value="OpenJDK 64-Bit Server VM"/>
    <property name="localRepository" value="/home/stephenbuck/.m2/repository"/>
    <property name="java.vendor.url.bug" value="https://bugs.launchpad.net/ubuntu/+source/openjdk-17"/>
    <property name="java.io.tmpdir" value="/tmp"/>
    <property name="java.version" value="17.0.11"/>
    <property name="user.dir" value="/home/stephenbuck/Desktop/skillbase/skills"/>
    <property name="os.arch" value="amd64"/>
    <property name="java.vm.specification.name" value="Java Virtual Machine Specification"/>
    <property name="native.encoding" value="UTF-8"/>
    <property name="java.library.path" value="/usr/java/packages/lib:/usr/lib/x86_64-linux-gnu/jni:/lib/x86_64-linux-gnu:/usr/lib/x86_64-linux-gnu:/usr/lib/jni:/lib:/usr/lib"/>
    <property name="java.vm.info" value="mixed mode, sharing"/>
    <property name="java.vendor" value="Ubuntu"/>
    <property name="java.vm.version" value="17.0.11+9-Ubuntu-122.04.1"/>
    <property name="sun.io.unicode.encoding" value="UnicodeLittle"/>
    <property name="java.class.version" value="61.0"/>
  </properties>
  <testcase name="classes_should_not_access_standard_streams_from_library" classname="SkillsArchTest" time="2.799">
    <system-err><![CDATA[SLF4J: Failed to load class "org.slf4j.impl.StaticLoggerBinder".
SLF4J: Defaulting to no-operation (NOP) logger implementation
SLF4J: See http://www.slf4j.org/codes.html#StaticLoggerBinder for further details.
]]></system-err>
  </testcase>
</testsuite>